mode: set
notification-service/internal/config/config.go:26.30,36.2 1 0
notification-service/cmd/server/main.go:25.13,33.16 3 0
notification-service/cmd/server/main.go:33.16,35.3 1 0
notification-service/cmd/server/main.go:36.2,39.66 2 0
notification-service/cmd/server/main.go:39.66,41.3 1 0
notification-service/cmd/server/main.go:42.2,67.12 13 0
notification-service/cmd/server/main.go:67.12,69.77 2 0
notification-service/cmd/server/main.go:69.77,71.4 1 0
notification-service/cmd/server/main.go:75.2,85.50 8 0
notification-service/cmd/server/main.go:85.50,87.3 1 0
notification-service/cmd/server/main.go:88.2,88.30 1 0
notification-service/internal/model/task.go:33.44,35.2 1 0
notification-service/internal/mock/task_repo_mock.go:34.63,38.2 3 0
notification-service/internal/mock/task_repo_mock.go:41.61,43.2 1 0
notification-service/internal/mock/task_repo_mock.go:46.89,51.2 4 0
notification-service/internal/mock/task_repo_mock.go:54.73,57.2 2 0
notification-service/internal/mock/task_repo_mock.go:60.104,66.2 5 0
notification-service/internal/mock/task_repo_mock.go:69.80,72.2 2 0
notification-service/internal/mock/task_repo_mock.go:75.97,81.2 5 0
notification-service/internal/mock/task_repo_mock.go:84.72,87.2 2 0
notification-service/internal/mock/task_repo_mock.go:90.135,97.2 6 0
notification-service/internal/mock/task_repo_mock.go:100.97,103.2 2 0
notification-service/internal/mock/task_repo_mock.go:106.87,112.2 5 0
notification-service/internal/mock/task_repo_mock.go:115.80,118.2 2 0
notification-service/internal/mock/task_repo_mock.go:121.107,126.2 4 0
notification-service/internal/mock/task_repo_mock.go:129.98,132.2 2 0
notification-service/internal/mock/task_repo_mock.go:135.150,140.2 4 0
notification-service/internal/mock/task_repo_mock.go:143.127,146.2 2 0
notification-service/internal/mock/task_repo_mock.go:149.93,154.2 4 0
notification-service/internal/mock/task_repo_mock.go:157.87,160.2 2 0
notification-service/internal/mock/task_repo_mock.go:163.75,168.2 4 0
notification-service/internal/mock/task_repo_mock.go:171.77,174.2 2 0
notification-service/internal/mock/task_repo_mock.go:177.124,182.2 4 0
notification-service/internal/mock/task_repo_mock.go:185.108,188.2 2 0
notification-service/internal/api/handler.go:20.53,22.2 1 1
notification-service/internal/api/handler.go:36.42,38.47 2 1
notification-service/internal/api/handler.go:38.47,41.3 2 1
notification-service/internal/api/handler.go:44.2,45.26 2 1
notification-service/internal/api/handler.go:45.26,47.17 2 0
notification-service/internal/api/handler.go:47.17,50.4 2 0
notification-service/internal/api/handler.go:51.3,51.26 1 0
notification-service/internal/api/handler.go:54.2,55.21 2 1
notification-service/internal/api/handler.go:55.21,57.3 1 1
notification-service/internal/api/handler.go:59.2,69.65 2 1
notification-service/internal/api/handler.go:69.65,72.3 2 1
notification-service/internal/api/handler.go:75.2,75.56 1 1
notification-service/internal/api/handler.go:79.47,82.16 3 1
notification-service/internal/api/handler.go:82.16,85.3 2 1
notification-service/internal/api/handler.go:87.2,87.69 1 1
notification-service/internal/api/handler.go:87.69,90.3 2 1
notification-service/internal/api/handler.go:92.2,92.66 1 1
notification-service/internal/api/handler.go:96.45,103.15 6 1
notification-service/internal/api/handler.go:103.15,105.3 1 0
notification-service/internal/api/handler.go:106.2,106.37 1 1
notification-service/internal/api/handler.go:106.37,108.3 1 0
notification-service/internal/api/handler.go:110.2,111.16 2 1
notification-service/internal/api/handler.go:111.16,114.3 2 1
notification-service/internal/api/handler.go:116.2,121.4 1 1
notification-service/internal/api/handler.go:125.43,128.16 3 1
notification-service/internal/api/handler.go:128.16,131.3 2 1
notification-service/internal/api/handler.go:133.2,134.16 2 1
notification-service/internal/api/handler.go:134.16,137.3 2 1
notification-service/internal/api/handler.go:139.2,139.29 1 1
notification-service/internal/api/router.go:8.48,10.2 2 1
notification-service/internal/api/router.go:10.2,22.3 4 1
notification-service/internal/repository/task_repo.go:35.41,37.2 1 1
notification-service/internal/repository/task_repo.go:40.84,45.2 4 1
notification-service/internal/repository/task_repo.go:48.99,58.2 3 1
notification-service/internal/repository/task_repo.go:62.82,67.2 2 1
notification-service/internal/repository/task_repo.go:70.119,79.2 2 1
notification-service/internal/repository/task_repo.go:82.145,93.2 2 1
notification-service/internal/repository/task_repo.go:96.102,105.2 2 1
notification-service/internal/repository/task_repo.go:108.70,119.25 4 1
notification-service/internal/repository/task_repo.go:119.25,121.3 1 0
notification-service/internal/repository/task_repo.go:122.2,122.30 1 1
notification-service/internal/repository/task_repo.go:122.30,124.3 1 0
notification-service/internal/repository/task_repo.go:125.2,125.12 1 1
notification-service/internal/repository/task_repo.go:129.88,138.2 3 1
notification-service/internal/repository/task_repo.go:141.130,146.18 4 1
notification-service/internal/repository/task_repo.go:146.18,148.3 1 1
notification-service/internal/repository/task_repo.go:150.2,150.50 1 1
notification-service/internal/repository/task_repo.go:150.50,152.3 1 0
notification-service/internal/repository/task_repo.go:154.2,156.26 3 1
notification-service/internal/repository/task_repo.go:160.92,163.16 3 1
notification-service/internal/repository/task_repo.go:163.16,165.3 1 0
notification-service/internal/repository/task_repo.go:166.2,166.19 1 1
notification-service/internal/scheduler/scheduler.go:23.97,29.2 1 1
notification-service/internal/scheduler/scheduler.go:32.48,39.6 4 1
notification-service/internal/scheduler/scheduler.go:39.6,40.10 1 1
notification-service/internal/scheduler/scheduler.go:41.21,43.10 2 1
notification-service/internal/scheduler/scheduler.go:44.19,46.26 2 1
notification-service/internal/scheduler/scheduler.go:52.60,53.74 1 1
notification-service/internal/scheduler/scheduler.go:53.74,55.3 1 1
notification-service/internal/scheduler/scheduler.go:59.58,61.16 2 1
notification-service/internal/scheduler/scheduler.go:61.16,64.3 2 1
notification-service/internal/scheduler/scheduler.go:66.2,66.21 1 1
notification-service/internal/scheduler/scheduler.go:66.21,68.3 1 1
notification-service/internal/scheduler/scheduler.go:70.2,76.29 4 1
notification-service/internal/scheduler/scheduler.go:76.29,79.37 3 1
notification-service/internal/scheduler/scheduler.go:79.37,81.17 2 1
notification-service/internal/scheduler/scheduler.go:81.17,81.26 1 1
notification-service/internal/scheduler/scheduler.go:82.4,82.32 1 1
notification-service/internal/scheduler/scheduler.go:85.2,85.11 1 1
notification-service/internal/dispatcher/dispatcher.go:27.69,41.2 2 1
notification-service/internal/dispatcher/dispatcher.go:44.80,48.16 2 1
notification-service/internal/dispatcher/dispatcher.go:48.16,51.3 2 1
notification-service/internal/dispatcher/dispatcher.go:52.2,52.19 1 1
notification-service/internal/dispatcher/dispatcher.go:52.19,55.3 2 1
notification-service/internal/dispatcher/dispatcher.go:57.2,60.16 3 1
notification-service/internal/dispatcher/dispatcher.go:60.16,62.39 1 1
notification-service/internal/dispatcher/dispatcher.go:62.39,65.4 2 0
notification-service/internal/dispatcher/dispatcher.go:67.3,69.9 3 1
notification-service/internal/dispatcher/dispatcher.go:71.2,75.9 3 1
notification-service/internal/dispatcher/dispatcher.go:76.55,78.101 1 1
notification-service/internal/dispatcher/dispatcher.go:78.101,80.4 1 0
notification-service/internal/dispatcher/dispatcher.go:82.55,85.104 2 1
notification-service/internal/dispatcher/dispatcher.go:85.104,87.4 1 0
notification-service/internal/dispatcher/dispatcher.go:89.10,92.52 2 1
notification-service/internal/dispatcher/dispatcher.go:97.110,99.21 2 1
notification-service/internal/dispatcher/dispatcher.go:99.21,101.3 1 1
notification-service/internal/dispatcher/dispatcher.go:101.8,103.3 1 1
notification-service/internal/dispatcher/dispatcher.go:105.2,106.16 2 1
notification-service/internal/dispatcher/dispatcher.go:106.16,108.3 1 0
notification-service/internal/dispatcher/dispatcher.go:111.2,114.24 2 1
notification-service/internal/dispatcher/dispatcher.go:114.24,116.72 2 1
notification-service/internal/dispatcher/dispatcher.go:116.72,117.30 1 1
notification-service/internal/dispatcher/dispatcher.go:117.30,119.5 1 1
notification-service/internal/dispatcher/dispatcher.go:124.2,124.24 1 1
notification-service/internal/dispatcher/dispatcher.go:124.24,126.3 1 1
notification-service/internal/dispatcher/dispatcher.go:128.2,128.29 1 1
notification-service/internal/dispatcher/dispatcher.go:133.115,136.39 2 1
notification-service/internal/dispatcher/dispatcher.go:136.39,139.77 2 1
notification-service/internal/dispatcher/dispatcher.go:139.77,141.4 1 0
notification-service/internal/dispatcher/dispatcher.go:142.3,142.9 1 1
notification-service/internal/dispatcher/dispatcher.go:149.2,155.109 4 1
notification-service/internal/dispatcher/dispatcher.go:155.109,157.3 1 0
